<?xml version="1.0" encoding="UTF-8"?>
<!-- Generated by org.testng.reporters.JUnitReportReporter -->
<testsuite hostname="DESKTOP-5PV4UM2" failures="0" tests="5" name="org.pro.ModuleTwo" time="74.053" errors="0" timestamp="2025-02-27T14:38:28 IST" skipped="2">
  <testcase classname="org.pro.ModuleTwo" name="tc5" time="1.113"/>
  <testcase classname="org.pro.ModuleTwo" name="tc4" time="61.970"/>
  <testcase classname="org.pro.ModuleTwo" name="tc2" time="10.970"/>
  <testcase classname="org.pro.ModuleTwo" name="tc1">
    <skipped/>
  </testcase> <!-- tc1 -->
  <testcase classname="org.pro.ModuleTwo" name="tc3">
    <skipped/>
  </testcase> <!-- tc3 -->
</testsuite> <!-- org.pro.ModuleTwo -->
