<?xml version="1.0" encoding="UTF-8"?>
<!-- Generated by org.testng.reporters.JUnitReportReporter -->
<testsuite hostname="DESKTOP-5PV4UM2" failures="0" tests="5" name="org.pro.ModuleTwo" time="20.158" errors="0" timestamp="2025-02-24T18:18:39 IST" skipped="3">
  <testcase classname="org.pro.ModuleTwo" name="tc1" time="18.151"/>
  <testcase classname="org.pro.ModuleTwo" name="tc5" time="2.007"/>
  <testcase classname="org.pro.ModuleTwo" name="tc3">
    <skipped/>
  </testcase> <!-- tc3 -->
  <testcase classname="org.pro.ModuleTwo" name="tc4">
    <skipped/>
  </testcase> <!-- tc4 -->
  <testcase classname="org.pro.ModuleTwo" name="tc2">
    <skipped/>
  </testcase> <!-- tc2 -->
</testsuite> <!-- org.pro.ModuleTwo -->
